[debug] [2023-09-19T00:36:20.219Z] ----------------------------------------------------------------------
[debug] [2023-09-19T00:36:20.222Z] Command:       C:\Program Files\nodejs\node.exe C:\Program Files\nodejs\node_modules\firebase-tools\lib\bin\firebase.js init
[debug] [2023-09-19T00:36:20.222Z] CLI Version:   12.5.4
[debug] [2023-09-19T00:36:20.222Z] Platform:      win32
[debug] [2023-09-19T00:36:20.223Z] Node Version:  v16.16.0
[debug] [2023-09-19T00:36:20.224Z] Time:          Tue Sep 19 2023 09:36:20 GMT+0900 (日本標準時)
[debug] [2023-09-19T00:36:20.224Z] ----------------------------------------------------------------------
[debug] 
[debug] [2023-09-19T00:36:20.321Z] > command requires scopes: ["email","openid","https://www.googleapis.com/auth/cloudplatformprojects.readonly","https://www.googleapis.com/auth/firebase","https://www.googleapis.com/auth/cloud-platform"]
[debug] [2023-09-19T00:36:20.321Z] > authorizing via signed-in user (yuta.miyaura@gmail.com)
[info] 
     ######## #### ########  ######## ########     ###     ######  ########
     ##        ##  ##     ## ##       ##     ##  ##   ##  ##       ##
     ######    ##  ########  ######   ########  #########  ######  ######
     ##        ##  ##    ##  ##       ##     ## ##     ##       ## ##
     ##       #### ##     ## ######## ########  ##     ##  ######  ########

You're about to initialize a Firebase project in this directory:

  C:\Users\user\Downloads\新しいフォルダー (3)\vue-todo-72621.web.app\vue-todo

Before we get started, keep in mind:

  * You are initializing within an existing Firebase project directory

[debug] [2023-09-19T01:15:17.110Z] ----------------------------------------------------------------------
[debug] [2023-09-19T01:15:17.112Z] Command:       C:\Program Files\nodejs\node.exe C:\Program Files\nodejs\node_modules\firebase-tools\lib\bin\firebase.js init
[debug] [2023-09-19T01:15:17.113Z] CLI Version:   12.5.4
[debug] [2023-09-19T01:15:17.113Z] Platform:      win32
[debug] [2023-09-19T01:15:17.114Z] Node Version:  v16.16.0
[debug] [2023-09-19T01:15:17.121Z] Time:          Tue Sep 19 2023 10:15:17 GMT+0900 (日本標準時)
[debug] [2023-09-19T01:15:17.122Z] ----------------------------------------------------------------------
[debug] 
[debug] [2023-09-19T01:15:17.133Z] > command requires scopes: ["email","openid","https://www.googleapis.com/auth/cloudplatformprojects.readonly","https://www.googleapis.com/auth/firebase","https://www.googleapis.com/auth/cloud-platform"]
[debug] [2023-09-19T01:15:17.134Z] > authorizing via signed-in user (yuta.miyaura@gmail.com)
[info] 
     ######## #### ########  ######## ########     ###     ######  ########
     ##        ##  ##     ## ##       ##     ##  ##   ##  ##       ##
     ######    ##  ########  ######   ########  #########  ######  ######
     ##        ##  ##    ##  ##       ##     ## ##     ##       ## ##
     ##       #### ##     ## ######## ########  ##     ##  ######  ########

You're about to initialize a Firebase project in this directory:

  C:\Users\user\Downloads\新しいフォルダー (3)\vue-todo-72621.web.app\vue-todo

